# JRE version: Java(TM) SE Runtime Environment (8.0_221-b11) (build 1.8.0_221-b11)
# Java VM: Java HotSpot(TM) 64-Bit Server VM (25.221-b11 mixed mode windows-amd64 compressed oops)
Heap:
 PSYoungGen      total 35328K, used 17076K [0x00000000eb500000, 0x00000000eda00000, 0x0000000100000000)
  eden space 32768K, 44% used [0x00000000eb500000,0x00000000ec334b98,0x00000000ed500000)
  from space 2560K, 98% used [0x00000000ed500000,0x00000000ed778550,0x00000000ed780000)
  to   space 2560K, 0% used [0x00000000ed780000,0x00000000ed780000,0x00000000eda00000)
 ParOldGen       total 33280K, used 13009K [0x00000000c1e00000, 0x00000000c3e80000, 0x00000000eb500000)
  object space 33280K, 39% used [0x00000000c1e00000,0x00000000c2ab4638,0x00000000c3e80000)
 Metaspace       used 26319K, capacity 27172K, committed 27264K, reserved 1073152K
  class space    used 3445K, capacity 3651K, committed 3712K, reserved 1048576K
GC Heap History (10 events):
Event: 3.477 GC heap before
{Heap before GC invocations=6 (full 0):
 PSYoungGen      total 35328K, used 14821K [0x00000000eb500000, 0x00000000eda00000, 0x0000000100000000)
  eden space 32768K, 37% used [0x00000000eb500000,0x00000000ec0fd4e0,0x00000000ed500000)
  from space 2560K, 99% used [0x00000000ed500000,0x00000000ed77c1a8,0x00000000ed780000)
  to   space 2560K, 0% used [0x00000000ed780000,0x00000000ed780000,0x00000000eda00000)
 ParOldGen       total 44032K, used 9110K [0x00000000c1e00000, 0x00000000c4900000, 0x00000000eb500000)
  object space 44032K, 20% used [0x00000000c1e00000,0x00000000c26e5998,0x00000000c4900000)
 Metaspace       used 20620K, capacity 21178K, committed 21296K, reserved 1067008K
  class space    used 2700K, capacity 2872K, committed 2944K, reserved 1048576K
Event: 3.483 GC heap after
Heap after GC invocations=6 (full 0):
 PSYoungGen      total 35328K, used 2544K [0x00000000eb500000, 0x00000000eda00000, 0x0000000100000000)
  eden space 32768K, 0% used [0x00000000eb500000,0x00000000eb500000,0x00000000ed500000)
  from space 2560K, 99% used [0x00000000ed780000,0x00000000ed9fc188,0x00000000eda00000)
  to   space 2560K, 0% used [0x00000000ed500000,0x00000000ed500000,0x00000000ed780000)
 ParOldGen       total 44032K, used 10873K [0x00000000c1e00000, 0x00000000c4900000, 0x00000000eb500000)
  object space 44032K, 24% used [0x00000000c1e00000,0x00000000c289e588,0x00000000c4900000)
 Metaspace       used 20620K, capacity 21178K, committed 21296K, reserved 1067008K
  class space    used 2700K, capacity 2872K, committed 2944K, reserved 1048576K
}
Event: 3.483 GC heap before
{Heap before GC invocations=7 (full 1):
 PSYoungGen      total 35328K, used 2544K [0x00000000eb500000, 0x00000000eda00000, 0x0000000100000000)
  eden space 32768K, 0% used [0x00000000eb500000,0x00000000eb500000,0x00000000ed500000)
  from space 2560K, 99% used [0x00000000ed780000,0x00000000ed9fc188,0x00000000eda00000)
  to   space 2560K, 0% used [0x00000000ed500000,0x00000000ed500000,0x00000000ed780000)
 ParOldGen       total 44032K, used 10873K [0x00000000c1e00000, 0x00000000c4900000, 0x00000000eb500000)
  object space 44032K, 24% used [0x00000000c1e00000,0x00000000c289e588,0x00000000c4900000)
 Metaspace       used 20620K, capacity 21178K, committed 21296K, reserved 1067008K
  class space    used 2700K, capacity 2872K, committed 2944K, reserved 1048576K
Event: 3.524 GC heap after
Heap after GC invocations=7 (full 1):
 PSYoungGen      total 35328K, used 0K [0x00000000eb500000, 0x00000000eda00000, 0x0000000100000000)
  eden space 32768K, 0% used [0x00000000eb500000,0x00000000eb500000,0x00000000ed500000)
  from space 2560K, 0% used [0x00000000ed780000,0x00000000ed780000,0x00000000eda00000)
  to   space 2560K, 0% used [0x00000000ed500000,0x00000000ed500000,0x00000000ed780000)
 ParOldGen       total 33280K, used 8886K [0x00000000c1e00000, 0x00000000c3e80000, 0x00000000eb500000)
  object space 33280K, 26% used [0x00000000c1e00000,0x00000000c26ad9a0,0x00000000c3e80000)
 Metaspace       used 20620K, capacity 21178K, committed 21296K, reserved 1067008K
  class space    used 2700K, capacity 2872K, committed 2944K, reserved 1048576K
}
Event: 4.031 GC heap before
{Heap before GC invocations=8 (full 1):
 PSYoungGen      total 35328K, used 32768K [0x00000000eb500000, 0x00000000eda00000, 0x0000000100000000)
  eden space 32768K, 100% used [0x00000000eb500000,0x00000000ed500000,0x00000000ed500000)
  from space 2560K, 0% used [0x00000000ed780000,0x00000000ed780000,0x00000000eda00000)
  to   space 2560K, 0% used [0x00000000ed500000,0x00000000ed500000,0x00000000ed780000)
 ParOldGen       total 33280K, used 8886K [0x00000000c1e00000, 0x00000000c3e80000, 0x00000000eb500000)
  object space 33280K, 26% used [0x00000000c1e00000,0x00000000c26ad9a0,0x00000000c3e80000)
 Metaspace       used 23971K, capacity 24580K, committed 24832K, reserved 1071104K
  class space    used 3133K, capacity 3319K, committed 3328K, reserved 1048576K
Event: 4.038 GC heap after
Heap after GC invocations=8 (full 1):
 PSYoungGen      total 35328K, used 2532K [0x00000000eb500000, 0x00000000eda00000, 0x0000000100000000)
  eden space 32768K, 0% used [0x00000000eb500000,0x00000000eb500000,0x00000000ed500000)
  from space 2560K, 98% used [0x00000000ed500000,0x00000000ed779300,0x00000000ed780000)
  to   space 2560K, 0% used [0x00000000ed780000,0x00000000ed780000,0x00000000eda00000)
 ParOldGen       total 33280K, used 10702K [0x00000000c1e00000, 0x00000000c3e80000, 0x00000000eb500000)
  object space 33280K, 32% used [0x00000000c1e00000,0x00000000c2873878,0x00000000c3e80000)
 Metaspace       used 23971K, capacity 24580K, committed 24832K, reserved 1071104K
  class space    used 3133K, capacity 3319K, committed 3328K, reserved 1048576K
}
Event: 4.087 GC heap before
{Heap before GC invocations=9 (full 1):
 PSYoungGen      total 35328K, used 35285K [0x00000000eb500000, 0x00000000eda00000, 0x0000000100000000)
  eden space 32768K, 99% used [0x00000000eb500000,0x00000000ed4fc358,0x00000000ed500000)
  from space 2560K, 98% used [0x00000000ed500000,0x00000000ed779300,0x00000000ed780000)
  to   space 2560K, 0% used [0x00000000ed780000,0x00000000ed780000,0x00000000eda00000)
 ParOldGen       total 33280K, used 10702K [0x00000000c1e00000, 0x00000000c3e80000, 0x00000000eb500000)
  object space 33280K, 32% used [0x00000000c1e00000,0x00000000c2873878,0x00000000c3e80000)
 Metaspace       used 24113K, capacity 24772K, committed 24832K, reserved 1071104K
  class space    used 3152K, capacity 3319K, committed 3328K, reserved 1048576K
Event: 4.093 GC heap after
Heap after GC invocations=9 (full 1):
 PSYoungGen      total 35328K, used 1965K [0x00000000eb500000, 0x00000000eda00000, 0x0000000100000000)
  eden space 32768K, 0% used [0x00000000eb500000,0x00000000eb500000,0x00000000ed500000)
  from space 2560K, 76% used [0x00000000ed780000,0x00000000ed96b6e8,0x00000000eda00000)
  to   space 2560K, 0% used [0x00000000ed500000,0x00000000ed500000,0x00000000ed780000)
 ParOldGen       total 33280K, used 10702K [0x00000000c1e00000, 0x00000000c3e80000, 0x00000000eb500000)
  object space 33280K, 32% used [0x00000000c1e00000,0x00000000c2873878,0x00000000c3e80000)
 Metaspace       used 24113K, capacity 24772K, committed 24832K, reserved 1071104K
  class space    used 3152K, capacity 3319K, committed 3328K, reserved 1048576K
}
Event: 4.461 GC heap before
{Heap before GC invocations=10 (full 1):
 PSYoungGen      total 35328K, used 34733K [0x00000000eb500000, 0x00000000eda00000, 0x0000000100000000)
  eden space 32768K, 100% used [0x00000000eb500000,0x00000000ed500000,0x00000000ed500000)
  from space 2560K, 76% used [0x00000000ed780000,0x00000000ed96b6e8,0x00000000eda00000)
  to   space 2560K, 0% used [0x00000000ed500000,0x00000000ed500000,0x00000000ed780000)
 ParOldGen       total 33280K, used 10702K [0x00000000c1e00000, 0x00000000c3e80000, 0x00000000eb500000)
  object space 33280K, 32% used [0x00000000c1e00000,0x00000000c2873878,0x00000000c3e80000)
 Metaspace       used 25235K, capacity 25960K, committed 26112K, reserved 1071104K
  class space    used 3286K, capacity 3481K, committed 3584K, reserved 1048576K
Event: 4.466 GC heap after
Heap after GC invocations=10 (full 1):
 PSYoungGen      total 35328K, used 2529K [0x00000000eb500000, 0x00000000eda00000, 0x0000000100000000)
  eden space 32768K, 0% used [0x00000000eb500000,0x00000000eb500000,0x00000000ed500000)
  from space 2560K, 98% used [0x00000000ed500000,0x00000000ed778550,0x00000000ed780000)
  to   space 2560K, 0% used [0x00000000ed780000,0x00000000ed780000,0x00000000eda00000)
 ParOldGen       total 33280K, used 13009K [0x00000000c1e00000, 0x00000000c3e80000, 0x00000000eb500000)
  object space 33280K, 39% used [0x00000000c1e00000,0x00000000c2ab4638,0x00000000c3e80000)
 Metaspace       used 25235K, capacity 25960K, committed 26112K, reserved 1071104K
  class space    used 3286K, capacity 3481K, committed 3584K, reserved 1048576K
}

