# JRE version: Java(TM) SE Runtime Environment (8.0_221-b11) (build 1.8.0_221-b11)
# Java VM: Java HotSpot(TM) 64-Bit Server VM (25.221-b11 mixed mode windows-amd64 compressed oops)
Heap:
 PSYoungGen      total 173056K, used 63634K [0x00000000eb500000, 0x00000000f7200000, 0x0000000100000000)
  eden space 162816K, 39% used [0x00000000eb500000,0x00000000ef324b10,0x00000000f5400000)
  from space 10240K, 0% used [0x00000000f6800000,0x00000000f6800000,0x00000000f7200000)
  to   space 15360K, 0% used [0x00000000f5400000,0x00000000f5400000,0x00000000f6300000)
 ParOldGen       total 80896K, used 24885K [0x00000000c1e00000, 0x00000000c6d00000, 0x00000000eb500000)
  object space 80896K, 30% used [0x00000000c1e00000,0x00000000c364d640,0x00000000c6d00000)
 Metaspace       used 59737K, capacity 61842K, committed 62168K, reserved 1103872K
  class space    used 8224K, capacity 8610K, committed 8704K, reserved 1048576K
GC Heap History (10 events):
Event: 9.143 GC heap before
{Heap before GC invocations=11 (full 1):
 PSYoungGen      total 109056K, used 29656K [0x00000000eb500000, 0x00000000f4b00000, 0x0000000100000000)
  eden space 101376K, 21% used [0x00000000eb500000,0x00000000eca7b658,0x00000000f1800000)
  from space 7680K, 99% used [0x00000000f1800000,0x00000000f1f7ad48,0x00000000f1f80000)
  to   space 10240K, 0% used [0x00000000f4100000,0x00000000f4100000,0x00000000f4b00000)
 ParOldGen       total 34816K, used 15546K [0x00000000c1e00000, 0x00000000c4000000, 0x00000000eb500000)
  object space 34816K, 44% used [0x00000000c1e00000,0x00000000c2d2ea78,0x00000000c4000000)
 Metaspace       used 33997K, capacity 35412K, committed 35456K, reserved 1079296K
  class space    used 4428K, capacity 4695K, committed 4736K, reserved 1048576K
Event: 9.170 GC heap after
Heap after GC invocations=11 (full 1):
 PSYoungGen      total 143360K, used 5136K [0x00000000eb500000, 0x00000000f4e00000, 0x0000000100000000)
  eden space 133120K, 0% used [0x00000000eb500000,0x00000000eb500000,0x00000000f3700000)
  from space 10240K, 50% used [0x00000000f4100000,0x00000000f46041b8,0x00000000f4b00000)
  to   space 10240K, 0% used [0x00000000f3700000,0x00000000f3700000,0x00000000f4100000)
 ParOldGen       total 34816K, used 19400K [0x00000000c1e00000, 0x00000000c4000000, 0x00000000eb500000)
  object space 34816K, 55% used [0x00000000c1e00000,0x00000000c30f2028,0x00000000c4000000)
 Metaspace       used 33997K, capacity 35412K, committed 35456K, reserved 1079296K
  class space    used 4428K, capacity 4695K, committed 4736K, reserved 1048576K
}
Event: 9.170 GC heap before
{Heap before GC invocations=12 (full 2):
 PSYoungGen      total 143360K, used 5136K [0x00000000eb500000, 0x00000000f4e00000, 0x0000000100000000)
  eden space 133120K, 0% used [0x00000000eb500000,0x00000000eb500000,0x00000000f3700000)
  from space 10240K, 50% used [0x00000000f4100000,0x00000000f46041b8,0x00000000f4b00000)
  to   space 10240K, 0% used [0x00000000f3700000,0x00000000f3700000,0x00000000f4100000)
 ParOldGen       total 34816K, used 19400K [0x00000000c1e00000, 0x00000000c4000000, 0x00000000eb500000)
  object space 34816K, 55% used [0x00000000c1e00000,0x00000000c30f2028,0x00000000c4000000)
 Metaspace       used 33997K, capacity 35412K, committed 35456K, reserved 1079296K
  class space    used 4428K, capacity 4695K, committed 4736K, reserved 1048576K
Event: 9.324 GC heap after
Heap after GC invocations=12 (full 2):
 PSYoungGen      total 143360K, used 0K [0x00000000eb500000, 0x00000000f4e00000, 0x0000000100000000)
  eden space 133120K, 0% used [0x00000000eb500000,0x00000000eb500000,0x00000000f3700000)
  from space 10240K, 0% used [0x00000000f4100000,0x00000000f4100000,0x00000000f4b00000)
  to   space 10240K, 0% used [0x00000000f3700000,0x00000000f3700000,0x00000000f4100000)
 ParOldGen       total 53760K, used 14232K [0x00000000c1e00000, 0x00000000c5280000, 0x00000000eb500000)
  object space 53760K, 26% used [0x00000000c1e00000,0x00000000c2be62d8,0x00000000c5280000)
 Metaspace       used 33997K, capacity 35412K, committed 35456K, reserved 1079296K
  class space    used 4428K, capacity 4695K, committed 4736K, reserved 1048576K
}
Event: 27.153 GC heap before
{Heap before GC invocations=13 (full 2):
 PSYoungGen      total 143360K, used 133120K [0x00000000eb500000, 0x00000000f4e00000, 0x0000000100000000)
  eden space 133120K, 100% used [0x00000000eb500000,0x00000000f3700000,0x00000000f3700000)
  from space 10240K, 0% used [0x00000000f4100000,0x00000000f4100000,0x00000000f4b00000)
  to   space 10240K, 0% used [0x00000000f3700000,0x00000000f3700000,0x00000000f4100000)
 ParOldGen       total 53760K, used 14232K [0x00000000c1e00000, 0x00000000c5280000, 0x00000000eb500000)
  object space 53760K, 26% used [0x00000000c1e00000,0x00000000c2be62d8,0x00000000c5280000)
 Metaspace       used 53268K, capacity 54944K, committed 55296K, reserved 1097728K
  class space    used 7229K, capacity 7567K, committed 7680K, reserved 1048576K
Event: 27.181 GC heap after
Heap after GC invocations=13 (full 2):
 PSYoungGen      total 143360K, used 10235K [0x00000000eb500000, 0x00000000f7780000, 0x0000000100000000)
  eden space 133120K, 0% used [0x00000000eb500000,0x00000000eb500000,0x00000000f3700000)
  from space 10240K, 99% used [0x00000000f3700000,0x00000000f40feec0,0x00000000f4100000)
  to   space 15872K, 0% used [0x00000000f6800000,0x00000000f6800000,0x00000000f7780000)
 ParOldGen       total 53760K, used 25823K [0x00000000c1e00000, 0x00000000c5280000, 0x00000000eb500000)
  object space 53760K, 48% used [0x00000000c1e00000,0x00000000c3737d50,0x00000000c5280000)
 Metaspace       used 53268K, capacity 54944K, committed 55296K, reserved 1097728K
  class space    used 7229K, capacity 7567K, committed 7680K, reserved 1048576K
}
Event: 38.948 GC heap before
{Heap before GC invocations=14 (full 2):
 PSYoungGen      total 143360K, used 67781K [0x00000000eb500000, 0x00000000f7780000, 0x0000000100000000)
  eden space 133120K, 43% used [0x00000000eb500000,0x00000000eed326c0,0x00000000f3700000)
  from space 10240K, 99% used [0x00000000f3700000,0x00000000f40feec0,0x00000000f4100000)
  to   space 15872K, 0% used [0x00000000f6800000,0x00000000f6800000,0x00000000f7780000)
 ParOldGen       total 53760K, used 25823K [0x00000000c1e00000, 0x00000000c5280000, 0x00000000eb500000)
  object space 53760K, 48% used [0x00000000c1e00000,0x00000000c3737d50,0x00000000c5280000)
 Metaspace       used 57223K, capacity 58888K, committed 59096K, reserved 1099776K
  class space    used 7833K, capacity 8165K, committed 8192K, reserved 1048576K
Event: 38.981 GC heap after
Heap after GC invocations=14 (full 2):
 PSYoungGen      total 173056K, used 5092K [0x00000000eb500000, 0x00000000f7200000, 0x0000000100000000)
  eden space 162816K, 0% used [0x00000000eb500000,0x00000000eb500000,0x00000000f5400000)
  from space 10240K, 49% used [0x00000000f6800000,0x00000000f6cf9130,0x00000000f7200000)
  to   space 15360K, 0% used [0x00000000f5400000,0x00000000f5400000,0x00000000f6300000)
 ParOldGen       total 53760K, used 32952K [0x00000000c1e00000, 0x00000000c5280000, 0x00000000eb500000)
  object space 53760K, 61% used [0x00000000c1e00000,0x00000000c3e2e2a8,0x00000000c5280000)
 Metaspace       used 57223K, capacity 58888K, committed 59096K, reserved 1099776K
  class space    used 7833K, capacity 8165K, committed 8192K, reserved 1048576K
}
Event: 38.981 GC heap before
{Heap before GC invocations=15 (full 3):
 PSYoungGen      total 173056K, used 5092K [0x00000000eb500000, 0x00000000f7200000, 0x0000000100000000)
  eden space 162816K, 0% used [0x00000000eb500000,0x00000000eb500000,0x00000000f5400000)
  from space 10240K, 49% used [0x00000000f6800000,0x00000000f6cf9130,0x00000000f7200000)
  to   space 15360K, 0% used [0x00000000f5400000,0x00000000f5400000,0x00000000f6300000)
 ParOldGen       total 53760K, used 32952K [0x00000000c1e00000, 0x00000000c5280000, 0x00000000eb500000)
  object space 53760K, 61% used [0x00000000c1e00000,0x00000000c3e2e2a8,0x00000000c5280000)
 Metaspace       used 57223K, capacity 58888K, committed 59096K, reserved 1099776K
  class space    used 7833K, capacity 8165K, committed 8192K, reserved 1048576K
Event: 39.291 GC heap after
Heap after GC invocations=15 (full 3):
 PSYoungGen      total 173056K, used 0K [0x00000000eb500000, 0x00000000f7200000, 0x0000000100000000)
  eden space 162816K, 0% used [0x00000000eb500000,0x00000000eb500000,0x00000000f5400000)
  from space 10240K, 0% used [0x00000000f6800000,0x00000000f6800000,0x00000000f7200000)
  to   space 15360K, 0% used [0x00000000f5400000,0x00000000f5400000,0x00000000f6300000)
 ParOldGen       total 80896K, used 24885K [0x00000000c1e00000, 0x00000000c6d00000, 0x00000000eb500000)
  object space 80896K, 30% used [0x00000000c1e00000,0x00000000c364d640,0x00000000c6d00000)
 Metaspace       used 57223K, capacity 58888K, committed 59096K, reserved 1099776K
  class space    used 7833K, capacity 8165K, committed 8192K, reserved 1048576K
}

