# JRE version: Java(TM) SE Runtime Environment (8.0_221-b11) (build 1.8.0_221-b11)
# Java VM: Java HotSpot(TM) 64-Bit Server VM (25.221-b11 mixed mode windows-amd64 compressed oops)
Heap:
 PSYoungGen      total 193536K, used 9931K [0x00000000eb500000, 0x00000000f8380000, 0x0000000100000000)
  eden space 180736K, 5% used [0x00000000eb500000,0x00000000ebeb2df8,0x00000000f6580000)
  from space 12800K, 0% used [0x00000000f7700000,0x00000000f7700000,0x00000000f8380000)
  to   space 15360K, 0% used [0x00000000f6580000,0x00000000f6580000,0x00000000f7480000)
 ParOldGen       total 77312K, used 24616K [0x00000000c1e00000, 0x00000000c6980000, 0x00000000eb500000)
  object space 77312K, 31% used [0x00000000c1e00000,0x00000000c360a2d8,0x00000000c6980000)
 Metaspace       used 57407K, capacity 59158K, committed 59544K, reserved 1099776K
  class space    used 7884K, capacity 8234K, committed 8360K, reserved 1048576K
GC Heap History (10 events):
Event: 8.458 GC heap before
{Heap before GC invocations=11 (full 1):
 PSYoungGen      total 111616K, used 23633K [0x00000000eb500000, 0x00000000f4e80000, 0x0000000100000000)
  eden space 103936K, 15% used [0x00000000eb500000,0x00000000ec49b378,0x00000000f1a80000)
  from space 7680K, 99% used [0x00000000f1a80000,0x00000000f21f93a0,0x00000000f2200000)
  to   space 10240K, 0% used [0x00000000f4480000,0x00000000f4480000,0x00000000f4e80000)
 ParOldGen       total 32768K, used 13627K [0x00000000c1e00000, 0x00000000c3e00000, 0x00000000eb500000)
  object space 32768K, 41% used [0x00000000c1e00000,0x00000000c2b4ecd8,0x00000000c3e00000)
 Metaspace       used 34008K, capacity 35400K, committed 35496K, reserved 1079296K
  class space    used 4431K, capacity 4693K, committed 4776K, reserved 1048576K
Event: 8.472 GC heap after
Heap after GC invocations=11 (full 1):
 PSYoungGen      total 147456K, used 4808K [0x00000000eb500000, 0x00000000f5100000, 0x0000000100000000)
  eden space 137216K, 0% used [0x00000000eb500000,0x00000000eb500000,0x00000000f3b00000)
  from space 10240K, 46% used [0x00000000f4480000,0x00000000f4932140,0x00000000f4e80000)
  to   space 9728K, 0% used [0x00000000f3b00000,0x00000000f3b00000,0x00000000f4480000)
 ParOldGen       total 32768K, used 17888K [0x00000000c1e00000, 0x00000000c3e00000, 0x00000000eb500000)
  object space 32768K, 54% used [0x00000000c1e00000,0x00000000c2f78288,0x00000000c3e00000)
 Metaspace       used 34008K, capacity 35400K, committed 35496K, reserved 1079296K
  class space    used 4431K, capacity 4693K, committed 4776K, reserved 1048576K
}
Event: 8.472 GC heap before
{Heap before GC invocations=12 (full 2):
 PSYoungGen      total 147456K, used 4808K [0x00000000eb500000, 0x00000000f5100000, 0x0000000100000000)
  eden space 137216K, 0% used [0x00000000eb500000,0x00000000eb500000,0x00000000f3b00000)
  from space 10240K, 46% used [0x00000000f4480000,0x00000000f4932140,0x00000000f4e80000)
  to   space 9728K, 0% used [0x00000000f3b00000,0x00000000f3b00000,0x00000000f4480000)
 ParOldGen       total 32768K, used 17888K [0x00000000c1e00000, 0x00000000c3e00000, 0x00000000eb500000)
  object space 32768K, 54% used [0x00000000c1e00000,0x00000000c2f78288,0x00000000c3e00000)
 Metaspace       used 34008K, capacity 35400K, committed 35496K, reserved 1079296K
  class space    used 4431K, capacity 4693K, committed 4776K, reserved 1048576K
Event: 8.579 GC heap after
Heap after GC invocations=12 (full 2):
 PSYoungGen      total 147456K, used 0K [0x00000000eb500000, 0x00000000f5100000, 0x0000000100000000)
  eden space 137216K, 0% used [0x00000000eb500000,0x00000000eb500000,0x00000000f3b00000)
  from space 10240K, 0% used [0x00000000f4480000,0x00000000f4480000,0x00000000f4e80000)
  to   space 9728K, 0% used [0x00000000f3b00000,0x00000000f3b00000,0x00000000f4480000)
 ParOldGen       total 51200K, used 14151K [0x00000000c1e00000, 0x00000000c5000000, 0x00000000eb500000)
  object space 51200K, 27% used [0x00000000c1e00000,0x00000000c2bd1c68,0x00000000c5000000)
 Metaspace       used 34008K, capacity 35400K, committed 35496K, reserved 1079296K
  class space    used 4431K, capacity 4693K, committed 4776K, reserved 1048576K
}
Event: 12.255 GC heap before
{Heap before GC invocations=13 (full 2):
 PSYoungGen      total 147456K, used 137216K [0x00000000eb500000, 0x00000000f5100000, 0x0000000100000000)
  eden space 137216K, 100% used [0x00000000eb500000,0x00000000f3b00000,0x00000000f3b00000)
  from space 10240K, 0% used [0x00000000f4480000,0x00000000f4480000,0x00000000f4e80000)
  to   space 9728K, 0% used [0x00000000f3b00000,0x00000000f3b00000,0x00000000f4480000)
 ParOldGen       total 51200K, used 14151K [0x00000000c1e00000, 0x00000000c5000000, 0x00000000eb500000)
  object space 51200K, 27% used [0x00000000c1e00000,0x00000000c2bd1c68,0x00000000c5000000)
 Metaspace       used 53531K, capacity 55236K, committed 55592K, reserved 1097728K
  class space    used 7270K, capacity 7603K, committed 7720K, reserved 1048576K
Event: 12.284 GC heap after
Heap after GC invocations=13 (full 2):
 PSYoungGen      total 146944K, used 9719K [0x00000000eb500000, 0x00000000f8680000, 0x0000000100000000)
  eden space 137216K, 0% used [0x00000000eb500000,0x00000000eb500000,0x00000000f3b00000)
  from space 9728K, 99% used [0x00000000f3b00000,0x00000000f447dc20,0x00000000f4480000)
  to   space 15872K, 0% used [0x00000000f7700000,0x00000000f7700000,0x00000000f8680000)
 ParOldGen       total 51200K, used 26893K [0x00000000c1e00000, 0x00000000c5000000, 0x00000000eb500000)
  object space 51200K, 52% used [0x00000000c1e00000,0x00000000c3843578,0x00000000c5000000)
 Metaspace       used 53531K, capacity 55236K, committed 55592K, reserved 1097728K
  class space    used 7270K, capacity 7603K, committed 7720K, reserved 1048576K
}
Event: 13.292 GC heap before
{Heap before GC invocations=14 (full 2):
 PSYoungGen      total 146944K, used 62755K [0x00000000eb500000, 0x00000000f8680000, 0x0000000100000000)
  eden space 137216K, 38% used [0x00000000eb500000,0x00000000ee8cb148,0x00000000f3b00000)
  from space 9728K, 99% used [0x00000000f3b00000,0x00000000f447dc20,0x00000000f4480000)
  to   space 15872K, 0% used [0x00000000f7700000,0x00000000f7700000,0x00000000f8680000)
 ParOldGen       total 51200K, used 26893K [0x00000000c1e00000, 0x00000000c5000000, 0x00000000eb500000)
  object space 51200K, 52% used [0x00000000c1e00000,0x00000000c3843578,0x00000000c5000000)
 Metaspace       used 57194K, capacity 58916K, committed 59160K, reserved 1099776K
  class space    used 7831K, capacity 8197K, committed 8232K, reserved 1048576K
Event: 13.307 GC heap after
Heap after GC invocations=14 (full 2):
 PSYoungGen      total 193536K, used 4598K [0x00000000eb500000, 0x00000000f8380000, 0x0000000100000000)
  eden space 180736K, 0% used [0x00000000eb500000,0x00000000eb500000,0x00000000f6580000)
  from space 12800K, 35% used [0x00000000f7700000,0x00000000f7b7d8f8,0x00000000f8380000)
  to   space 15360K, 0% used [0x00000000f6580000,0x00000000f6580000,0x00000000f7480000)
 ParOldGen       total 51200K, used 34346K [0x00000000c1e00000, 0x00000000c5000000, 0x00000000eb500000)
  object space 51200K, 67% used [0x00000000c1e00000,0x00000000c3f8aae0,0x00000000c5000000)
 Metaspace       used 57194K, capacity 58916K, committed 59160K, reserved 1099776K
  class space    used 7831K, capacity 8197K, committed 8232K, reserved 1048576K
}
Event: 13.307 GC heap before
{Heap before GC invocations=15 (full 3):
 PSYoungGen      total 193536K, used 4598K [0x00000000eb500000, 0x00000000f8380000, 0x0000000100000000)
  eden space 180736K, 0% used [0x00000000eb500000,0x00000000eb500000,0x00000000f6580000)
  from space 12800K, 35% used [0x00000000f7700000,0x00000000f7b7d8f8,0x00000000f8380000)
  to   space 15360K, 0% used [0x00000000f6580000,0x00000000f6580000,0x00000000f7480000)
 ParOldGen       total 51200K, used 34346K [0x00000000c1e00000, 0x00000000c5000000, 0x00000000eb500000)
  object space 51200K, 67% used [0x00000000c1e00000,0x00000000c3f8aae0,0x00000000c5000000)
 Metaspace       used 57194K, capacity 58916K, committed 59160K, reserved 1099776K
  class space    used 7831K, capacity 8197K, committed 8232K, reserved 1048576K
Event: 13.588 GC heap after
Heap after GC invocations=15 (full 3):
 PSYoungGen      total 193536K, used 0K [0x00000000eb500000, 0x00000000f8380000, 0x0000000100000000)
  eden space 180736K, 0% used [0x00000000eb500000,0x00000000eb500000,0x00000000f6580000)
  from space 12800K, 0% used [0x00000000f7700000,0x00000000f7700000,0x00000000f8380000)
  to   space 15360K, 0% used [0x00000000f6580000,0x00000000f6580000,0x00000000f7480000)
 ParOldGen       total 77312K, used 24616K [0x00000000c1e00000, 0x00000000c6980000, 0x00000000eb500000)
  object space 77312K, 31% used [0x00000000c1e00000,0x00000000c360a2d8,0x00000000c6980000)
 Metaspace       used 57194K, capacity 58916K, committed 59160K, reserved 1099776K
  class space    used 7831K, capacity 8197K, committed 8232K, reserved 1048576K
}

