# JRE version: Java(TM) SE Runtime Environment (8.0_221-b11) (build 1.8.0_221-b11)
# Java VM: Java HotSpot(TM) 64-Bit Server VM (25.221-b11 mixed mode windows-amd64 compressed oops)
Heap:
 PSYoungGen      total 35328K, used 12671K [0x00000000eb500000, 0x00000000eda00000, 0x0000000100000000)
  eden space 32768K, 30% used [0x00000000eb500000,0x00000000ebee3780,0x00000000ed500000)
  from space 2560K, 99% used [0x00000000ed500000,0x00000000ed77c560,0x00000000ed780000)
  to   space 2560K, 0% used [0x00000000ed780000,0x00000000ed780000,0x00000000eda00000)
 ParOldGen       total 32256K, used 10245K [0x00000000c1e00000, 0x00000000c3d80000, 0x00000000eb500000)
  object space 32256K, 31% used [0x00000000c1e00000,0x00000000c28017f0,0x00000000c3d80000)
 Metaspace       used 26005K, capacity 26826K, committed 27008K, reserved 1073152K
  class space    used 3398K, capacity 3606K, committed 3712K, reserved 1048576K
GC Heap History (10 events):
Event: 1.962 GC heap before
{Heap before GC invocations=6 (full 0):
 PSYoungGen      total 35328K, used 16138K [0x00000000eb500000, 0x00000000eda00000, 0x0000000100000000)
  eden space 32768K, 41% used [0x00000000eb500000,0x00000000ec24a7d8,0x00000000ed500000)
  from space 2560K, 98% used [0x00000000ed500000,0x00000000ed778198,0x00000000ed780000)
  to   space 2560K, 0% used [0x00000000ed780000,0x00000000ed780000,0x00000000eda00000)
 ParOldGen       total 44032K, used 9101K [0x00000000c1e00000, 0x00000000c4900000, 0x00000000eb500000)
  object space 44032K, 20% used [0x00000000c1e00000,0x00000000c26e36d8,0x00000000c4900000)
 Metaspace       used 20690K, capacity 21184K, committed 21296K, reserved 1067008K
  class space    used 2713K, capacity 2873K, committed 2944K, reserved 1048576K
Event: 1.969 GC heap after
Heap after GC invocations=6 (full 0):
 PSYoungGen      total 35328K, used 2544K [0x00000000eb500000, 0x00000000eda00000, 0x0000000100000000)
  eden space 32768K, 0% used [0x00000000eb500000,0x00000000eb500000,0x00000000ed500000)
  from space 2560K, 99% used [0x00000000ed780000,0x00000000ed9fc188,0x00000000eda00000)
  to   space 2560K, 0% used [0x00000000ed500000,0x00000000ed500000,0x00000000ed780000)
 ParOldGen       total 44032K, used 10926K [0x00000000c1e00000, 0x00000000c4900000, 0x00000000eb500000)
  object space 44032K, 24% used [0x00000000c1e00000,0x00000000c28ab9d8,0x00000000c4900000)
 Metaspace       used 20690K, capacity 21184K, committed 21296K, reserved 1067008K
  class space    used 2713K, capacity 2873K, committed 2944K, reserved 1048576K
}
Event: 1.969 GC heap before
{Heap before GC invocations=7 (full 1):
 PSYoungGen      total 35328K, used 2544K [0x00000000eb500000, 0x00000000eda00000, 0x0000000100000000)
  eden space 32768K, 0% used [0x00000000eb500000,0x00000000eb500000,0x00000000ed500000)
  from space 2560K, 99% used [0x00000000ed780000,0x00000000ed9fc188,0x00000000eda00000)
  to   space 2560K, 0% used [0x00000000ed500000,0x00000000ed500000,0x00000000ed780000)
 ParOldGen       total 44032K, used 10926K [0x00000000c1e00000, 0x00000000c4900000, 0x00000000eb500000)
  object space 44032K, 24% used [0x00000000c1e00000,0x00000000c28ab9d8,0x00000000c4900000)
 Metaspace       used 20690K, capacity 21184K, committed 21296K, reserved 1067008K
  class space    used 2713K, capacity 2873K, committed 2944K, reserved 1048576K
Event: 2.010 GC heap after
Heap after GC invocations=7 (full 1):
 PSYoungGen      total 35328K, used 0K [0x00000000eb500000, 0x00000000eda00000, 0x0000000100000000)
  eden space 32768K, 0% used [0x00000000eb500000,0x00000000eb500000,0x00000000ed500000)
  from space 2560K, 0% used [0x00000000ed780000,0x00000000ed780000,0x00000000eda00000)
  to   space 2560K, 0% used [0x00000000ed500000,0x00000000ed500000,0x00000000ed780000)
 ParOldGen       total 32256K, used 6102K [0x00000000c1e00000, 0x00000000c3d80000, 0x00000000eb500000)
  object space 32256K, 18% used [0x00000000c1e00000,0x00000000c23f5aa0,0x00000000c3d80000)
 Metaspace       used 20688K, capacity 21178K, committed 21296K, reserved 1067008K
  class space    used 2713K, capacity 2872K, committed 2944K, reserved 1048576K
}
Event: 2.529 GC heap before
{Heap before GC invocations=8 (full 1):
 PSYoungGen      total 35328K, used 32768K [0x00000000eb500000, 0x00000000eda00000, 0x0000000100000000)
  eden space 32768K, 100% used [0x00000000eb500000,0x00000000ed500000,0x00000000ed500000)
  from space 2560K, 0% used [0x00000000ed780000,0x00000000ed780000,0x00000000eda00000)
  to   space 2560K, 0% used [0x00000000ed500000,0x00000000ed500000,0x00000000ed780000)
 ParOldGen       total 32256K, used 6102K [0x00000000c1e00000, 0x00000000c3d80000, 0x00000000eb500000)
  object space 32256K, 18% used [0x00000000c1e00000,0x00000000c23f5aa0,0x00000000c3d80000)
 Metaspace       used 24025K, capacity 24708K, committed 24832K, reserved 1071104K
  class space    used 3142K, capacity 3319K, committed 3328K, reserved 1048576K
Event: 2.535 GC heap after
Heap after GC invocations=8 (full 1):
 PSYoungGen      total 35328K, used 2538K [0x00000000eb500000, 0x00000000eda00000, 0x0000000100000000)
  eden space 32768K, 0% used [0x00000000eb500000,0x00000000eb500000,0x00000000ed500000)
  from space 2560K, 99% used [0x00000000ed500000,0x00000000ed77a9e8,0x00000000ed780000)
  to   space 2560K, 0% used [0x00000000ed780000,0x00000000ed780000,0x00000000eda00000)
 ParOldGen       total 32256K, used 7820K [0x00000000c1e00000, 0x00000000c3d80000, 0x00000000eb500000)
  object space 32256K, 24% used [0x00000000c1e00000,0x00000000c25a3078,0x00000000c3d80000)
 Metaspace       used 24025K, capacity 24708K, committed 24832K, reserved 1071104K
  class space    used 3142K, capacity 3319K, committed 3328K, reserved 1048576K
}
Event: 2.556 GC heap before
{Heap before GC invocations=9 (full 1):
 PSYoungGen      total 35328K, used 35283K [0x00000000eb500000, 0x00000000eda00000, 0x0000000100000000)
  eden space 32768K, 99% used [0x00000000eb500000,0x00000000ed4fa568,0x00000000ed500000)
  from space 2560K, 99% used [0x00000000ed500000,0x00000000ed77a9e8,0x00000000ed780000)
  to   space 2560K, 0% used [0x00000000ed780000,0x00000000ed780000,0x00000000eda00000)
 ParOldGen       total 32256K, used 7820K [0x00000000c1e00000, 0x00000000c3d80000, 0x00000000eb500000)
  object space 32256K, 24% used [0x00000000c1e00000,0x00000000c25a3078,0x00000000c3d80000)
 Metaspace       used 24151K, capacity 24804K, committed 24960K, reserved 1071104K
  class space    used 3157K, capacity 3351K, committed 3456K, reserved 1048576K
Event: 2.561 GC heap after
Heap after GC invocations=9 (full 1):
 PSYoungGen      total 35328K, used 1998K [0x00000000eb500000, 0x00000000eda00000, 0x0000000100000000)
  eden space 32768K, 0% used [0x00000000eb500000,0x00000000eb500000,0x00000000ed500000)
  from space 2560K, 78% used [0x00000000ed780000,0x00000000ed973968,0x00000000eda00000)
  to   space 2560K, 0% used [0x00000000ed500000,0x00000000ed500000,0x00000000ed780000)
 ParOldGen       total 32256K, used 7892K [0x00000000c1e00000, 0x00000000c3d80000, 0x00000000eb500000)
  object space 32256K, 24% used [0x00000000c1e00000,0x00000000c25b5088,0x00000000c3d80000)
 Metaspace       used 24151K, capacity 24804K, committed 24960K, reserved 1071104K
  class space    used 3157K, capacity 3351K, committed 3456K, reserved 1048576K
}
Event: 2.926 GC heap before
{Heap before GC invocations=10 (full 1):
 PSYoungGen      total 35328K, used 34766K [0x00000000eb500000, 0x00000000eda00000, 0x0000000100000000)
  eden space 32768K, 100% used [0x00000000eb500000,0x00000000ed500000,0x00000000ed500000)
  from space 2560K, 78% used [0x00000000ed780000,0x00000000ed973968,0x00000000eda00000)
  to   space 2560K, 0% used [0x00000000ed500000,0x00000000ed500000,0x00000000ed780000)
 ParOldGen       total 32256K, used 7892K [0x00000000c1e00000, 0x00000000c3d80000, 0x00000000eb500000)
  object space 32256K, 24% used [0x00000000c1e00000,0x00000000c25b5088,0x00000000c3d80000)
 Metaspace       used 25278K, capacity 25960K, committed 26112K, reserved 1071104K
  class space    used 3293K, capacity 3481K, committed 3584K, reserved 1048576K
Event: 2.933 GC heap after
Heap after GC invocations=10 (full 1):
 PSYoungGen      total 35328K, used 2545K [0x00000000eb500000, 0x00000000eda00000, 0x0000000100000000)
  eden space 32768K, 0% used [0x00000000eb500000,0x00000000eb500000,0x00000000ed500000)
  from space 2560K, 99% used [0x00000000ed500000,0x00000000ed77c560,0x00000000ed780000)
  to   space 2560K, 0% used [0x00000000ed780000,0x00000000ed780000,0x00000000eda00000)
 ParOldGen       total 32256K, used 10245K [0x00000000c1e00000, 0x00000000c3d80000, 0x00000000eb500000)
  object space 32256K, 31% used [0x00000000c1e00000,0x00000000c28017f0,0x00000000c3d80000)
 Metaspace       used 25278K, capacity 25960K, committed 26112K, reserved 1071104K
  class space    used 3293K, capacity 3481K, committed 3584K, reserved 1048576K
}

