# JRE version: Java(TM) SE Runtime Environment (8.0_221-b11) (build 1.8.0_221-b11)
# Java VM: Java HotSpot(TM) 64-Bit Server VM (25.221-b11 mixed mode windows-amd64 compressed oops)
Heap:
 PSYoungGen      total 198656K, used 72901K [0x00000000eb500000, 0x00000000f8680000, 0x0000000100000000)
  eden space 184832K, 39% used [0x00000000eb500000,0x00000000efc316f8,0x00000000f6980000)
  from space 13824K, 0% used [0x00000000f7900000,0x00000000f7900000,0x00000000f8680000)
  to   space 14848K, 0% used [0x00000000f6980000,0x00000000f6980000,0x00000000f7800000)
 ParOldGen       total 75776K, used 24794K [0x00000000c1e00000, 0x00000000c6800000, 0x00000000eb500000)
  object space 75776K, 32% used [0x00000000c1e00000,0x00000000c36368e8,0x00000000c6800000)
 Metaspace       used 60983K, capacity 63088K, committed 63320K, reserved 1103872K
  class space    used 8382K, capacity 8785K, committed 8832K, reserved 1048576K
GC Heap History (10 events):
Event: 8.567 GC heap before
{Heap before GC invocations=11 (full 1):
 PSYoungGen      total 110592K, used 25111K [0x00000000eb500000, 0x00000000f4c80000, 0x0000000100000000)
  eden space 102912K, 16% used [0x00000000eb500000,0x00000000ec60cb88,0x00000000f1980000)
  from space 7680K, 99% used [0x00000000f1980000,0x00000000f20f93a0,0x00000000f2100000)
  to   space 10240K, 0% used [0x00000000f4280000,0x00000000f4280000,0x00000000f4c80000)
 ParOldGen       total 32768K, used 13822K [0x00000000c1e00000, 0x00000000c3e00000, 0x00000000eb500000)
  object space 32768K, 42% used [0x00000000c1e00000,0x00000000c2b7f870,0x00000000c3e00000)
 Metaspace       used 34002K, capacity 35432K, committed 35456K, reserved 1079296K
  class space    used 4432K, capacity 4725K, committed 4736K, reserved 1048576K
Event: 8.585 GC heap after
Heap after GC invocations=11 (full 1):
 PSYoungGen      total 145408K, used 5332K [0x00000000eb500000, 0x00000000f5080000, 0x0000000100000000)
  eden space 135168K, 0% used [0x00000000eb500000,0x00000000eb500000,0x00000000f3900000)
  from space 10240K, 52% used [0x00000000f4280000,0x00000000f47b51d8,0x00000000f4c80000)
  to   space 9728K, 0% used [0x00000000f3900000,0x00000000f3900000,0x00000000f4280000)
 ParOldGen       total 32768K, used 17535K [0x00000000c1e00000, 0x00000000c3e00000, 0x00000000eb500000)
  object space 32768K, 53% used [0x00000000c1e00000,0x00000000c2f1fe30,0x00000000c3e00000)
 Metaspace       used 34002K, capacity 35432K, committed 35456K, reserved 1079296K
  class space    used 4432K, capacity 4725K, committed 4736K, reserved 1048576K
}
Event: 8.585 GC heap before
{Heap before GC invocations=12 (full 2):
 PSYoungGen      total 145408K, used 5332K [0x00000000eb500000, 0x00000000f5080000, 0x0000000100000000)
  eden space 135168K, 0% used [0x00000000eb500000,0x00000000eb500000,0x00000000f3900000)
  from space 10240K, 52% used [0x00000000f4280000,0x00000000f47b51d8,0x00000000f4c80000)
  to   space 9728K, 0% used [0x00000000f3900000,0x00000000f3900000,0x00000000f4280000)
 ParOldGen       total 32768K, used 17535K [0x00000000c1e00000, 0x00000000c3e00000, 0x00000000eb500000)
  object space 32768K, 53% used [0x00000000c1e00000,0x00000000c2f1fe30,0x00000000c3e00000)
 Metaspace       used 34002K, capacity 35432K, committed 35456K, reserved 1079296K
  class space    used 4432K, capacity 4725K, committed 4736K, reserved 1048576K
Event: 8.668 GC heap after
Heap after GC invocations=12 (full 2):
 PSYoungGen      total 145408K, used 0K [0x00000000eb500000, 0x00000000f5080000, 0x0000000100000000)
  eden space 135168K, 0% used [0x00000000eb500000,0x00000000eb500000,0x00000000f3900000)
  from space 10240K, 0% used [0x00000000f4280000,0x00000000f4280000,0x00000000f4c80000)
  to   space 9728K, 0% used [0x00000000f3900000,0x00000000f3900000,0x00000000f4280000)
 ParOldGen       total 50688K, used 14714K [0x00000000c1e00000, 0x00000000c4f80000, 0x00000000eb500000)
  object space 50688K, 29% used [0x00000000c1e00000,0x00000000c2c5e868,0x00000000c4f80000)
 Metaspace       used 34002K, capacity 35432K, committed 35456K, reserved 1079296K
  class space    used 4432K, capacity 4725K, committed 4736K, reserved 1048576K
}
Event: 12.227 GC heap before
{Heap before GC invocations=13 (full 2):
 PSYoungGen      total 145408K, used 135168K [0x00000000eb500000, 0x00000000f5080000, 0x0000000100000000)
  eden space 135168K, 100% used [0x00000000eb500000,0x00000000f3900000,0x00000000f3900000)
  from space 10240K, 0% used [0x00000000f4280000,0x00000000f4280000,0x00000000f4c80000)
  to   space 9728K, 0% used [0x00000000f3900000,0x00000000f3900000,0x00000000f4280000)
 ParOldGen       total 50688K, used 14714K [0x00000000c1e00000, 0x00000000c4f80000, 0x00000000eb500000)
  object space 50688K, 29% used [0x00000000c1e00000,0x00000000c2c5e868,0x00000000c4f80000)
 Metaspace       used 53320K, capacity 54982K, committed 55296K, reserved 1097728K
  class space    used 7245K, capacity 7566K, committed 7680K, reserved 1048576K
Event: 12.288 GC heap after
Heap after GC invocations=13 (full 2):
 PSYoungGen      total 144896K, used 9705K [0x00000000eb500000, 0x00000000f8800000, 0x0000000100000000)
  eden space 135168K, 0% used [0x00000000eb500000,0x00000000eb500000,0x00000000f3900000)
  from space 9728K, 99% used [0x00000000f3900000,0x00000000f427a738,0x00000000f4280000)
  to   space 15360K, 0% used [0x00000000f7900000,0x00000000f7900000,0x00000000f8800000)
 ParOldGen       total 50688K, used 27006K [0x00000000c1e00000, 0x00000000c4f80000, 0x00000000eb500000)
  object space 50688K, 53% used [0x00000000c1e00000,0x00000000c385fb18,0x00000000c4f80000)
 Metaspace       used 53320K, capacity 54982K, committed 55296K, reserved 1097728K
  class space    used 7245K, capacity 7566K, committed 7680K, reserved 1048576K
}
Event: 13.151 GC heap before
{Heap before GC invocations=14 (full 2):
 PSYoungGen      total 144896K, used 62265K [0x00000000eb500000, 0x00000000f8800000, 0x0000000100000000)
  eden space 135168K, 38% used [0x00000000eb500000,0x00000000ee853cf8,0x00000000f3900000)
  from space 9728K, 99% used [0x00000000f3900000,0x00000000f427a738,0x00000000f4280000)
  to   space 15360K, 0% used [0x00000000f7900000,0x00000000f7900000,0x00000000f8800000)
 ParOldGen       total 50688K, used 27006K [0x00000000c1e00000, 0x00000000c4f80000, 0x00000000eb500000)
  object space 50688K, 53% used [0x00000000c1e00000,0x00000000c385fb18,0x00000000c4f80000)
 Metaspace       used 57201K, capacity 58884K, committed 59096K, reserved 1099776K
  class space    used 7827K, capacity 8165K, committed 8192K, reserved 1048576K
Event: 13.172 GC heap after
Heap after GC invocations=14 (full 2):
 PSYoungGen      total 198656K, used 4877K [0x00000000eb500000, 0x00000000f8680000, 0x0000000100000000)
  eden space 184832K, 0% used [0x00000000eb500000,0x00000000eb500000,0x00000000f6980000)
  from space 13824K, 35% used [0x00000000f7900000,0x00000000f7dc3488,0x00000000f8680000)
  to   space 14848K, 0% used [0x00000000f6980000,0x00000000f6980000,0x00000000f7800000)
 ParOldGen       total 50688K, used 34311K [0x00000000c1e00000, 0x00000000c4f80000, 0x00000000eb500000)
  object space 50688K, 67% used [0x00000000c1e00000,0x00000000c3f81ff8,0x00000000c4f80000)
 Metaspace       used 57201K, capacity 58884K, committed 59096K, reserved 1099776K
  class space    used 7827K, capacity 8165K, committed 8192K, reserved 1048576K
}
Event: 13.172 GC heap before
{Heap before GC invocations=15 (full 3):
 PSYoungGen      total 198656K, used 4877K [0x00000000eb500000, 0x00000000f8680000, 0x0000000100000000)
  eden space 184832K, 0% used [0x00000000eb500000,0x00000000eb500000,0x00000000f6980000)
  from space 13824K, 35% used [0x00000000f7900000,0x00000000f7dc3488,0x00000000f8680000)
  to   space 14848K, 0% used [0x00000000f6980000,0x00000000f6980000,0x00000000f7800000)
 ParOldGen       total 50688K, used 34311K [0x00000000c1e00000, 0x00000000c4f80000, 0x00000000eb500000)
  object space 50688K, 67% used [0x00000000c1e00000,0x00000000c3f81ff8,0x00000000c4f80000)
 Metaspace       used 57201K, capacity 58884K, committed 59096K, reserved 1099776K
  class space    used 7827K, capacity 8165K, committed 8192K, reserved 1048576K
Event: 13.430 GC heap after
Heap after GC invocations=15 (full 3):
 PSYoungGen      total 198656K, used 0K [0x00000000eb500000, 0x00000000f8680000, 0x0000000100000000)
  eden space 184832K, 0% used [0x00000000eb500000,0x00000000eb500000,0x00000000f6980000)
  from space 13824K, 0% used [0x00000000f7900000,0x00000000f7900000,0x00000000f8680000)
  to   space 14848K, 0% used [0x00000000f6980000,0x00000000f6980000,0x00000000f7800000)
 ParOldGen       total 75776K, used 24794K [0x00000000c1e00000, 0x00000000c6800000, 0x00000000eb500000)
  object space 75776K, 32% used [0x00000000c1e00000,0x00000000c36368e8,0x00000000c6800000)
 Metaspace       used 57201K, capacity 58884K, committed 59096K, reserved 1099776K
  class space    used 7827K, capacity 8165K, committed 8192K, reserved 1048576K
}

