# JRE version: Java(TM) SE Runtime Environment (8.0_221-b11) (build 1.8.0_221-b11)
# Java VM: Java HotSpot(TM) 64-Bit Server VM (25.221-b11 mixed mode windows-amd64 compressed oops)
Heap:
 PSYoungGen      total 71680K, used 58066K [0x00000000eb500000, 0x00000000f0100000, 0x0000000100000000)
  eden space 65536K, 81% used [0x00000000eb500000,0x00000000ee936010,0x00000000ef500000)
  from space 6144K, 74% used [0x00000000ef500000,0x00000000ef97e8a0,0x00000000efb00000)
  to   space 6144K, 0% used [0x00000000efb00000,0x00000000efb00000,0x00000000f0100000)
 ParOldGen       total 31744K, used 6825K [0x00000000c1e00000, 0x00000000c3d00000, 0x00000000eb500000)
  object space 31744K, 21% used [0x00000000c1e00000,0x00000000c24aa710,0x00000000c3d00000)
 Metaspace       used 26823K, capacity 27630K, committed 27904K, reserved 1073152K
  class space    used 3514K, capacity 3718K, committed 3840K, reserved 1048576K
GC Heap History (10 events):
Event: 2.094 GC heap before
{Heap before GC invocations=4 (full 0):
 PSYoungGen      total 18944K, used 18944K [0x00000000eb500000, 0x00000000eda00000, 0x0000000100000000)
  eden space 16384K, 100% used [0x00000000eb500000,0x00000000ec500000,0x00000000ec500000)
  from space 2560K, 100% used [0x00000000ec500000,0x00000000ec780000,0x00000000ec780000)
  to   space 2560K, 0% used [0x00000000ed780000,0x00000000ed780000,0x00000000eda00000)
 ParOldGen       total 44032K, used 3971K [0x00000000c1e00000, 0x00000000c4900000, 0x00000000eb500000)
  object space 44032K, 9% used [0x00000000c1e00000,0x00000000c21e0fc8,0x00000000c4900000)
 Metaspace       used 15262K, capacity 15730K, committed 15744K, reserved 1062912K
  class space    used 2029K, capacity 2176K, committed 2176K, reserved 1048576K
Event: 2.103 GC heap after
Heap after GC invocations=4 (full 0):
 PSYoungGen      total 35328K, used 2557K [0x00000000eb500000, 0x00000000eda00000, 0x0000000100000000)
  eden space 32768K, 0% used [0x00000000eb500000,0x00000000eb500000,0x00000000ed500000)
  from space 2560K, 99% used [0x00000000ed780000,0x00000000ed9ff4f8,0x00000000eda00000)
  to   space 2560K, 0% used [0x00000000ed500000,0x00000000ed500000,0x00000000ed780000)
 ParOldGen       total 44032K, used 5330K [0x00000000c1e00000, 0x00000000c4900000, 0x00000000eb500000)
  object space 44032K, 12% used [0x00000000c1e00000,0x00000000c2334bd8,0x00000000c4900000)
 Metaspace       used 15262K, capacity 15730K, committed 15744K, reserved 1062912K
  class space    used 2029K, capacity 2176K, committed 2176K, reserved 1048576K
}
Event: 2.402 GC heap before
{Heap before GC invocations=5 (full 0):
 PSYoungGen      total 35328K, used 35325K [0x00000000eb500000, 0x00000000eda00000, 0x0000000100000000)
  eden space 32768K, 100% used [0x00000000eb500000,0x00000000ed500000,0x00000000ed500000)
  from space 2560K, 99% used [0x00000000ed780000,0x00000000ed9ff4f8,0x00000000eda00000)
  to   space 2560K, 0% used [0x00000000ed500000,0x00000000ed500000,0x00000000ed780000)
 ParOldGen       total 44032K, used 5330K [0x00000000c1e00000, 0x00000000c4900000, 0x00000000eb500000)
  object space 44032K, 12% used [0x00000000c1e00000,0x00000000c2334bd8,0x00000000c4900000)
 Metaspace       used 18901K, capacity 19408K, committed 19584K, reserved 1067008K
  class space    used 2513K, capacity 2669K, committed 2688K, reserved 1048576K
Event: 2.411 GC heap after
Heap after GC invocations=5 (full 0):
 PSYoungGen      total 35328K, used 2544K [0x00000000eb500000, 0x00000000f0100000, 0x0000000100000000)
  eden space 32768K, 0% used [0x00000000eb500000,0x00000000eb500000,0x00000000ed500000)
  from space 2560K, 99% used [0x00000000ed500000,0x00000000ed77c030,0x00000000ed780000)
  to   space 6144K, 0% used [0x00000000efb00000,0x00000000efb00000,0x00000000f0100000)
 ParOldGen       total 44032K, used 9070K [0x00000000c1e00000, 0x00000000c4900000, 0x00000000eb500000)
  object space 44032K, 20% used [0x00000000c1e00000,0x00000000c26dbb48,0x00000000c4900000)
 Metaspace       used 18901K, capacity 19408K, committed 19584K, reserved 1067008K
  class space    used 2513K, capacity 2669K, committed 2688K, reserved 1048576K
}
Event: 2.516 GC heap before
{Heap before GC invocations=6 (full 0):
 PSYoungGen      total 35328K, used 15546K [0x00000000eb500000, 0x00000000f0100000, 0x0000000100000000)
  eden space 32768K, 39% used [0x00000000eb500000,0x00000000ec1b2968,0x00000000ed500000)
  from space 2560K, 99% used [0x00000000ed500000,0x00000000ed77c030,0x00000000ed780000)
  to   space 6144K, 0% used [0x00000000efb00000,0x00000000efb00000,0x00000000f0100000)
 ParOldGen       total 44032K, used 9070K [0x00000000c1e00000, 0x00000000c4900000, 0x00000000eb500000)
  object space 44032K, 20% used [0x00000000c1e00000,0x00000000c26dbb48,0x00000000c4900000)
 Metaspace       used 20679K, capacity 21170K, committed 21296K, reserved 1067008K
  class space    used 2711K, capacity 2872K, committed 2944K, reserved 1048576K
Event: 2.522 GC heap after
Heap after GC invocations=6 (full 0):
 PSYoungGen      total 71680K, used 4413K [0x00000000eb500000, 0x00000000f0100000, 0x0000000100000000)
  eden space 65536K, 0% used [0x00000000eb500000,0x00000000eb500000,0x00000000ef500000)
  from space 6144K, 71% used [0x00000000efb00000,0x00000000eff4f580,0x00000000f0100000)
  to   space 6144K, 0% used [0x00000000ef500000,0x00000000ef500000,0x00000000efb00000)
 ParOldGen       total 44032K, used 9070K [0x00000000c1e00000, 0x00000000c4900000, 0x00000000eb500000)
  object space 44032K, 20% used [0x00000000c1e00000,0x00000000c26dbb48,0x00000000c4900000)
 Metaspace       used 20679K, capacity 21170K, committed 21296K, reserved 1067008K
  class space    used 2711K, capacity 2872K, committed 2944K, reserved 1048576K
}
Event: 2.522 GC heap before
{Heap before GC invocations=7 (full 1):
 PSYoungGen      total 71680K, used 4413K [0x00000000eb500000, 0x00000000f0100000, 0x0000000100000000)
  eden space 65536K, 0% used [0x00000000eb500000,0x00000000eb500000,0x00000000ef500000)
  from space 6144K, 71% used [0x00000000efb00000,0x00000000eff4f580,0x00000000f0100000)
  to   space 6144K, 0% used [0x00000000ef500000,0x00000000ef500000,0x00000000efb00000)
 ParOldGen       total 44032K, used 9070K [0x00000000c1e00000, 0x00000000c4900000, 0x00000000eb500000)
  object space 44032K, 20% used [0x00000000c1e00000,0x00000000c26dbb48,0x00000000c4900000)
 Metaspace       used 20679K, capacity 21170K, committed 21296K, reserved 1067008K
  class space    used 2711K, capacity 2872K, committed 2944K, reserved 1048576K
Event: 2.565 GC heap after
Heap after GC invocations=7 (full 1):
 PSYoungGen      total 71680K, used 0K [0x00000000eb500000, 0x00000000f0100000, 0x0000000100000000)
  eden space 65536K, 0% used [0x00000000eb500000,0x00000000eb500000,0x00000000ef500000)
  from space 6144K, 0% used [0x00000000efb00000,0x00000000efb00000,0x00000000f0100000)
  to   space 6144K, 0% used [0x00000000ef500000,0x00000000ef500000,0x00000000efb00000)
 ParOldGen       total 31744K, used 6817K [0x00000000c1e00000, 0x00000000c3d00000, 0x00000000eb500000)
  object space 31744K, 21% used [0x00000000c1e00000,0x00000000c24a8710,0x00000000c3d00000)
 Metaspace       used 20679K, capacity 21170K, committed 21296K, reserved 1067008K
  class space    used 2711K, capacity 2872K, committed 2944K, reserved 1048576K
}
Event: 3.159 GC heap before
{Heap before GC invocations=8 (full 1):
 PSYoungGen      total 71680K, used 65527K [0x00000000eb500000, 0x00000000f0100000, 0x0000000100000000)
  eden space 65536K, 99% used [0x00000000eb500000,0x00000000ef4fde20,0x00000000ef500000)
  from space 6144K, 0% used [0x00000000efb00000,0x00000000efb00000,0x00000000f0100000)
  to   space 6144K, 0% used [0x00000000ef500000,0x00000000ef500000,0x00000000efb00000)
 ParOldGen       total 31744K, used 6817K [0x00000000c1e00000, 0x00000000c3d00000, 0x00000000eb500000)
  object space 31744K, 21% used [0x00000000c1e00000,0x00000000c24a8710,0x00000000c3d00000)
 Metaspace       used 24151K, capacity 24800K, committed 24960K, reserved 1071104K
  class space    used 3157K, capacity 3351K, committed 3456K, reserved 1048576K
Event: 3.167 GC heap after
Heap after GC invocations=8 (full 1):
 PSYoungGen      total 71680K, used 4602K [0x00000000eb500000, 0x00000000f0100000, 0x0000000100000000)
  eden space 65536K, 0% used [0x00000000eb500000,0x00000000eb500000,0x00000000ef500000)
  from space 6144K, 74% used [0x00000000ef500000,0x00000000ef97e8a0,0x00000000efb00000)
  to   space 6144K, 0% used [0x00000000efb00000,0x00000000efb00000,0x00000000f0100000)
 ParOldGen       total 31744K, used 6825K [0x00000000c1e00000, 0x00000000c3d00000, 0x00000000eb500000)
  object space 31744K, 21% used [0x00000000c1e00000,0x00000000c24aa710,0x00000000c3d00000)
 Metaspace       used 24151K, capacity 24800K, committed 24960K, reserved 1071104K
  class space    used 3157K, capacity 3351K, committed 3456K, reserved 1048576K
}

